<?xml version="1.0" encoding="UTF-8"?>
<!-- Generated by org.testng.reporters.JUnitReportReporter -->
<testsuite skipped="0" hostname="INshivalis.local" name="login.LoginTestsWithGrouping" tests="1" failures="0" timestamp="19 Nov 2016 17:47:15 GMT" time="0.004" errors="0">
  <testcase name="verifyInvalidLogintoSpree" time="0.004" classname="login.LoginTestsWithGrouping"/>
</testsuite> <!-- login.LoginTestsWithGrouping -->
