<?xml version="1.0" encoding="UTF-8"?>
<!-- Generated by org.testng.reporters.JUnitReportReporter -->
<testsuite skipped="0" hostname="INshivalis.local" name="login.LoginTest" tests="2" failures="0" timestamp="20 Nov 2016 06:21:08 GMT" time="0.004" errors="0">
  <testcase name="verifyLoginIntoSpree" time="0.000" classname="login.LoginTest"/>
  <testcase name="verifyInvalidLoginIntoSpree" time="0.004" classname="login.LoginTest"/>
</testsuite> <!-- login.LoginTest -->
