<?xml version="1.0" encoding="UTF-8"?>
<!-- Generated by org.testng.reporters.JUnitReportReporter -->
<testsuite skipped="4" hostname="inshivalis-2.local" name="search.SearchProductsTest" tests="4" failures="0" timestamp="06 Aug 2017 03:36:40 GMT" time="0.000" errors="0">
  <testcase name="verifySerachByCategories" time="0.000" classname="search.SearchProductsTest">
    <skipped/>
  </testcase> <!-- verifySerachByCategories -->
  <testcase name="verifySearchValidProduct" time="0.000" classname="search.SearchProductsTest">
    <skipped/>
  </testcase> <!-- verifySearchValidProduct -->
  <testcase name="verifySerachByBrand" time="0.000" classname="search.SearchProductsTest">
    <skipped/>
  </testcase> <!-- verifySerachByBrand -->
  <testcase name="verifyInvalidProdcutsSearch" time="0.000" classname="search.SearchProductsTest">
    <skipped/>
  </testcase> <!-- verifyInvalidProdcutsSearch -->
</testsuite> <!-- search.SearchProductsTest -->
