<?xml version="1.0" encoding="UTF-8"?>
<!-- Generated by org.testng.reporters.JUnitReportReporter -->
<testsuite skipped="0" hostname="INshivalis.local" name="search.SearchProductsTest" tests="4" failures="0" timestamp="20 Nov 2016 06:21:08 GMT" time="0.000" errors="0">
  <testcase name="verifyInvalidProdcutsSearch" time="0.000" classname="search.SearchProductsTest"/>
  <testcase name="verifySerachByCategories" time="0.000" classname="search.SearchProductsTest"/>
  <testcase name="verifySerachByBrand" time="0.000" classname="search.SearchProductsTest"/>
  <testcase name="verifySearchValidProduct" time="0.000" classname="search.SearchProductsTest"/>
</testsuite> <!-- search.SearchProductsTest -->
